  stdafx.cpp
  dimNoteDimRecog.cpp
c:\users\sathish.kasilingam\documents\dimnotedimrecog\dimnotedimrecog\dimNoteDimRecog.h(34): warning C4005: '_CRT_SECURE_NO_WARNINGS': macro redefinition
  c:\users\sathish.kasilingam\documents\dimnotedimrecog\dimnotedimrecog\dimNoteDimRecog.h(34): note: command-line arguments:  see previous definition of '_CRT_SECURE_NO_WARNINGS'
dimNoteDimRecog.cpp(269): warning C4244: 'argument': conversion from 'int' to 'float', possible loss of data
dimNoteDimRecog.cpp(604): warning C4267: '=': conversion from 'size_t' to 'unsigned int', possible loss of data
dimNoteDimRecog.cpp(855): warning C4267: 'argument': conversion from 'size_t' to 'int', possible loss of data
dimNoteDimRecog.cpp(866): warning C4267: 'argument': conversion from 'size_t' to 'int', possible loss of data
dimNoteDimRecog.cpp(868): warning C4267: 'argument': conversion from 'size_t' to 'int', possible loss of data
dimNoteDimRecog.cpp(870): warning C4267: 'argument': conversion from 'size_t' to 'int', possible loss of data
dimNoteDimRecog.cpp(872): warning C4267: 'argument': conversion from 'size_t' to 'int', possible loss of data
dimNoteDimRecog.cpp(874): warning C4267: 'argument': conversion from 'size_t' to 'int', possible loss of data
dimNoteDimRecog.cpp(889): warning C4244: '=': conversion from 'double' to 'int', possible loss of data
dimNoteDimRecog.cpp(890): warning C4244: '=': conversion from 'double' to 'int', possible loss of data
dimNoteDimRecog.cpp(1096): warning C4244: '=': conversion from 'double' to 'float', possible loss of data
dimNoteDimRecog.cpp(1143): warning C4267: 'argument': conversion from 'size_t' to 'int', possible loss of data
dimNoteDimRecog.cpp(1154): warning C4267: 'argument': conversion from 'size_t' to 'int', possible loss of data
dimNoteDimRecog.cpp(1156): warning C4267: 'argument': conversion from 'size_t' to 'int', possible loss of data
dimNoteDimRecog.cpp(1158): warning C4267: 'argument': conversion from 'size_t' to 'int', possible loss of data
dimNoteDimRecog.cpp(1160): warning C4267: 'argument': conversion from 'size_t' to 'int', possible loss of data
dimNoteDimRecog.cpp(1162): warning C4267: 'argument': conversion from 'size_t' to 'int', possible loss of data
dimNoteDimRecog.cpp(1181): warning C4244: '=': conversion from 'double' to 'int', possible loss of data
dimNoteDimRecog.cpp(1182): warning C4244: '=': conversion from 'double' to 'int', possible loss of data
dimNoteDimRecog.cpp(1214): warning C4244: 'argument': conversion from 'double' to 'int', possible loss of data
dimNoteDimRecog.cpp(1334): warning C4267: '=': conversion from 'size_t' to 'int', possible loss of data
dimNoteDimRecog.cpp(1371): warning C4267: '=': conversion from 'size_t' to 'int', possible loss of data
dimNoteDimRecog.cpp(1403): warning C4267: '=': conversion from 'size_t' to 'int', possible loss of data
dimNoteDimRecog.cpp(1463): warning C4244: '=': conversion from 'double' to 'float', possible loss of data
dimNoteDimRecog.cpp(1484): warning C4244: '=': conversion from 'int' to 'float', possible loss of data
dimNoteDimRecog.cpp(1485): warning C4244: '=': conversion from 'int' to 'float', possible loss of data
dimNoteDimRecog.cpp(1487): warning C4244: 'argument': conversion from 'int' to 'float', possible loss of data
dimNoteDimRecog.cpp(1571): warning C4551: function call missing argument list
dimNoteDimRecog.cpp(1593): warning C4551: function call missing argument list
dimNoteDimRecog.cpp(1622): warning C4244: 'argument': conversion from 'double' to 'int', possible loss of data
dimNoteDimRecog.cpp(1644): warning C4551: function call missing argument list
dimNoteDimRecog.cpp(1664): warning C4551: function call missing argument list
dimNoteDimRecog.cpp(1526): warning C4101: 'noOfLines': unreferenced local variable
dimNoteDimRecog.obj : warning LNK4006: "public: __cdecl cv::RotatedRect::RotatedRect(class cv::RotatedRect const &)" (??0RotatedRect@cv@@QEAA@AEBV01@@Z) already defined in opencv_world320.lib(opencv_world320.dll); second definition ignored
dimNoteDimRecog.obj : warning LNK4006: "public: __cdecl cv::RotatedRect::RotatedRect(class cv::RotatedRect &&)" (??0RotatedRect@cv@@QEAA@$$QEAV01@@Z) already defined in opencv_world320.lib(opencv_world320.dll); second definition ignored
dimNoteDimRecog.obj : warning LNK4006: "public: class cv::RotatedRect & __cdecl cv::RotatedRect::operator=(class cv::RotatedRect const &)" (??4RotatedRect@cv@@QEAAAEAV01@AEBV01@@Z) already defined in opencv_world320.lib(opencv_world320.dll); second definition ignored
dimNoteDimRecog.obj : warning LNK4006: "public: class cv::RotatedRect & __cdecl cv::RotatedRect::operator=(class cv::RotatedRect &&)" (??4RotatedRect@cv@@QEAAAEAV01@$$QEAV01@@Z) already defined in opencv_world320.lib(opencv_world320.dll); second definition ignored
dimNoteDimRecog.obj : warning LNK4006: "public: __cdecl cv::_InputOutputArray::~_InputOutputArray(void)" (??1_InputOutputArray@cv@@QEAA@XZ) already defined in opencv_world320.lib(opencv_world320.dll); second definition ignored
dimNoteDimRecog.obj : warning LNK4006: "public: __cdecl cv::MatExpr::~MatExpr(void)" (??1MatExpr@cv@@QEAA@XZ) already defined in opencv_world320.lib(opencv_world320.dll); second definition ignored
dimNoteDimRecog.obj : warning LNK4006: "public: __cdecl cv::String::String(class std::basic_string<char,struct std::char_traits<char>,class std::allocator<char> > const &)" (??0String@cv@@QEAA@AEBV?$basic_string@DU?$char_traits@D@std@@V?$allocator@D@2@@std@@@Z) already defined in opencv_world320.lib(opencv_world320.dll); second definition ignored
dimNoteDimRecog.obj : warning LNK4006: "public: class cv::Mat & __cdecl cv::Mat::operator=(class cv::MatExpr const &)" (??4Mat@cv@@QEAAAEAV01@AEBVMatExpr@1@@Z) already defined in opencv_world320.lib(opencv_world320.dll); second definition ignored
dimNoteDimRecog.obj : warning LNK4006: "public: unsigned __int64 & __cdecl cv::MatStep::operator[](int)" (??AMatStep@cv@@QEAAAEA_KH@Z) already defined in opencv_world320.lib(opencv_world320.dll); second definition ignored
dimNoteDimRecog.obj : warning LNK4006: "public: unsigned __int64 const & __cdecl cv::MatStep::operator[](int)const " (??AMatStep@cv@@QEBAAEB_KH@Z) already defined in opencv_world320.lib(opencv_world320.dll); second definition ignored
dimNoteDimRecog.obj : warning LNK4006: "public: __cdecl cv::MatStep::MatStep(void)" (??0MatStep@cv@@QEAA@XZ) already defined in opencv_world320.lib(opencv_world320.dll); second definition ignored
dimNoteDimRecog.obj : warning LNK4006: "public: int const & __cdecl cv::MatSize::operator[](int)const " (??AMatSize@cv@@QEBAAEBHH@Z) already defined in opencv_world320.lib(opencv_world320.dll); second definition ignored
dimNoteDimRecog.obj : warning LNK4006: "public: class cv::Size_<int> __cdecl cv::MatSize::operator()(void)const " (??RMatSize@cv@@QEBA?AV?$Size_@H@1@XZ) already defined in opencv_world320.lib(opencv_world320.dll); second definition ignored
dimNoteDimRecog.obj : warning LNK4006: "public: __cdecl cv::MatSize::MatSize(int *)" (??0MatSize@cv@@QEAA@PEAH@Z) already defined in opencv_world320.lib(opencv_world320.dll); second definition ignored
dimNoteDimRecog.obj : warning LNK4006: "public: class cv::Mat & __cdecl cv::Mat::operator=(class cv::Mat &&)" (??4Mat@cv@@QEAAAEAV01@$$QEAV01@@Z) already defined in opencv_world320.lib(opencv_world320.dll); second definition ignored
dimNoteDimRecog.obj : warning LNK4006: "public: __cdecl cv::Mat::Mat(class cv::Mat &&)" (??0Mat@cv@@QEAA@$$QEAV01@@Z) already defined in opencv_world320.lib(opencv_world320.dll); second definition ignored
dimNoteDimRecog.obj : warning LNK4006: "public: unsigned __int64 __cdecl cv::Mat::total(void)const " (?total@Mat@cv@@QEBA_KXZ) already defined in opencv_world320.lib(opencv_world320.dll); second definition ignored
dimNoteDimRecog.obj : warning LNK4006: "public: bool __cdecl cv::Mat::empty(void)const " (?empty@Mat@cv@@QEBA_NXZ) already defined in opencv_world320.lib(opencv_world320.dll); second definition ignored
dimNoteDimRecog.obj : warning LNK4006: "public: int __cdecl cv::Mat::channels(void)const " (?channels@Mat@cv@@QEBAHXZ) already defined in opencv_world320.lib(opencv_world320.dll); second definition ignored
dimNoteDimRecog.obj : warning LNK4006: "public: int __cdecl cv::Mat::type(void)const " (?type@Mat@cv@@QEBAHXZ) already defined in opencv_world320.lib(opencv_world320.dll); second definition ignored
dimNoteDimRecog.obj : warning LNK4006: "public: class cv::Mat __cdecl cv::Mat::operator()(class cv::Rect_<int> const &)const " (??RMat@cv@@QEBA?AV01@AEBV?$Rect_@H@1@@Z) already defined in opencv_world320.lib(opencv_world320.dll); second definition ignored
dimNoteDimRecog.obj : warning LNK4006: "public: void __cdecl cv::Mat::release(void)" (?release@Mat@cv@@QEAAXXZ) already defined in opencv_world320.lib(opencv_world320.dll); second definition ignored
dimNoteDimRecog.obj : warning LNK4006: "public: void __cdecl cv::Mat::create(int,int,int)" (?create@Mat@cv@@QEAAXHHH@Z) already defined in opencv_world320.lib(opencv_world320.dll); second definition ignored
dimNoteDimRecog.obj : warning LNK4006: "public: class cv::Mat __cdecl cv::Mat::clone(void)const " (?clone@Mat@cv@@QEBA?AV12@XZ) already defined in opencv_world320.lib(opencv_world320.dll); second definition ignored
dimNoteDimRecog.obj : warning LNK4006: "public: class cv::Mat & __cdecl cv::Mat::operator=(class cv::Mat const &)" (??4Mat@cv@@QEAAAEAV01@AEBV01@@Z) already defined in opencv_world320.lib(opencv_world320.dll); second definition ignored
dimNoteDimRecog.obj : warning LNK4006: "public: __cdecl cv::Mat::~Mat(void)" (??1Mat@cv@@QEAA@XZ) already defined in opencv_world320.lib(opencv_world320.dll); second definition ignored
dimNoteDimRecog.obj : warning LNK4006: "public: __cdecl cv::Mat::Mat(class cv::Mat const &)" (??0Mat@cv@@QEAA@AEBV01@@Z) already defined in opencv_world320.lib(opencv_world320.dll); second definition ignored
dimNoteDimRecog.obj : warning LNK4006: "public: __cdecl cv::Mat::Mat(class cv::Size_<int>,int,class cv::Scalar_<double> const &)" (??0Mat@cv@@QEAA@V?$Size_@H@1@HAEBV?$Scalar_@N@1@@Z) already defined in opencv_world320.lib(opencv_world320.dll); second definition ignored
dimNoteDimRecog.obj : warning LNK4006: "public: __cdecl cv::Mat::Mat(int,int,int,class cv::Scalar_<double> const &)" (??0Mat@cv@@QEAA@HHHAEBV?$Scalar_@N@1@@Z) already defined in opencv_world320.lib(opencv_world320.dll); second definition ignored
dimNoteDimRecog.obj : warning LNK4006: "public: __cdecl cv::Mat::Mat(int,int,int)" (??0Mat@cv@@QEAA@HHH@Z) already defined in opencv_world320.lib(opencv_world320.dll); second definition ignored
dimNoteDimRecog.obj : warning LNK4006: "public: __cdecl cv::Mat::Mat(void)" (??0Mat@cv@@QEAA@XZ) already defined in opencv_world320.lib(opencv_world320.dll); second definition ignored
dimNoteDimRecog.obj : warning LNK4006: "public: __cdecl cv::_InputOutputArray::_InputOutputArray(class cv::Mat &)" (??0_InputOutputArray@cv@@QEAA@AEAVMat@1@@Z) already defined in opencv_world320.lib(opencv_world320.dll); second definition ignored
dimNoteDimRecog.obj : warning LNK4006: "public: __cdecl cv::_OutputArray::~_OutputArray(void)" (??1_OutputArray@cv@@QEAA@XZ) already defined in opencv_world320.lib(opencv_world320.dll); second definition ignored
dimNoteDimRecog.obj : warning LNK4006: "public: __cdecl cv::_OutputArray::_OutputArray(class std::vector<class cv::Mat,class std::allocator<class cv::Mat> > &)" (??0_OutputArray@cv@@QEAA@AEAV?$vector@VMat@cv@@V?$allocator@VMat@cv@@@std@@@std@@@Z) already defined in opencv_world320.lib(opencv_world320.dll); second definition ignored
dimNoteDimRecog.obj : warning LNK4006: "public: __cdecl cv::_OutputArray::_OutputArray(class cv::Mat &)" (??0_OutputArray@cv@@QEAA@AEAVMat@1@@Z) already defined in opencv_world320.lib(opencv_world320.dll); second definition ignored
dimNoteDimRecog.obj : warning LNK4006: "public: __cdecl cv::_OutputArray::_OutputArray(void)" (??0_OutputArray@cv@@QEAA@XZ) already defined in opencv_world320.lib(opencv_world320.dll); second definition ignored
dimNoteDimRecog.obj : warning LNK4006: "public: __cdecl cv::_InputArray::~_InputArray(void)" (??1_InputArray@cv@@QEAA@XZ) already defined in opencv_world320.lib(opencv_world320.dll); second definition ignored
dimNoteDimRecog.obj : warning LNK4006: "public: __cdecl cv::_InputArray::_InputArray(class cv::MatExpr const &)" (??0_InputArray@cv@@QEAA@AEBVMatExpr@1@@Z) already defined in opencv_world320.lib(opencv_world320.dll); second definition ignored
dimNoteDimRecog.obj : warning LNK4006: "public: __cdecl cv::_InputArray::_InputArray(class cv::Mat const &)" (??0_InputArray@cv@@QEAA@AEBVMat@1@@Z) already defined in opencv_world320.lib(opencv_world320.dll); second definition ignored
dimNoteDimRecog.obj : warning LNK4006: "public: __cdecl cv::_InputArray::_InputArray(void)" (??0_InputArray@cv@@QEAA@XZ) already defined in opencv_world320.lib(opencv_world320.dll); second definition ignored
dimNoteDimRecog.obj : warning LNK4006: "protected: void __cdecl cv::_InputArray::init(int,void const *)" (?init@_InputArray@cv@@IEAAXHPEBX@Z) already defined in opencv_world320.lib(opencv_world320.dll); second definition ignored
dimNoteDimRecog.obj : warning LNK4006: "public: __cdecl cv::RotatedRect::RotatedRect(class cv::Point_<float> const &,class cv::Size_<float> const &,float)" (??0RotatedRect@cv@@QEAA@AEBV?$Point_@M@1@AEBV?$Size_@M@1@M@Z) already defined in opencv_world320.lib(opencv_world320.dll); second definition ignored
dimNoteDimRecog.obj : warning LNK4006: "public: __cdecl cv::RotatedRect::RotatedRect(void)" (??0RotatedRect@cv@@QEAA@XZ) already defined in opencv_world320.lib(opencv_world320.dll); second definition ignored
dimNoteDimRecog.obj : warning LNK4006: "public: char const * __cdecl cv::String::c_str(void)const " (?c_str@String@cv@@QEBAPEBDXZ) already defined in opencv_world320.lib(opencv_world320.dll); second definition ignored
dimNoteDimRecog.obj : warning LNK4006: "public: class cv::String & __cdecl cv::String::operator=(class cv::String const &)" (??4String@cv@@QEAAAEAV01@AEBV01@@Z) already defined in opencv_world320.lib(opencv_world320.dll); second definition ignored
dimNoteDimRecog.obj : warning LNK4006: "public: __cdecl cv::String::~String(void)" (??1String@cv@@QEAA@XZ) already defined in opencv_world320.lib(opencv_world320.dll); second definition ignored
dimNoteDimRecog.obj : warning LNK4006: "public: __cdecl cv::String::String(char const *)" (??0String@cv@@QEAA@PEBD@Z) already defined in opencv_world320.lib(opencv_world320.dll); second definition ignored
dimNoteDimRecog.obj : warning LNK4006: "public: __cdecl cv::String::String(class cv::String const &)" (??0String@cv@@QEAA@AEBV01@@Z) already defined in opencv_world320.lib(opencv_world320.dll); second definition ignored
dimNoteDimRecog.obj : warning LNK4006: "public: __cdecl cv::String::String(void)" (??0String@cv@@QEAA@XZ) already defined in opencv_world320.lib(opencv_world320.dll); second definition ignored
  dimNoteDimRecog.vcxproj -> C:\Users\Sathish.Kasilingam\Documents\dimNoteDimRecog\x64\Release\dimNoteDimRecog.lib
